  DrawLib.cpp
C:\Users\Admin\Documents\VS_OpenGL_tutorial\OpenGL_Animation\tut_Basic_Objects\DrawLib.cpp(15,24): warning C4305: аргумент: усечение из "double" в "GLfloat"
C:\Users\Admin\Documents\VS_OpenGL_tutorial\OpenGL_Animation\tut_Basic_Objects\DrawLib.cpp(16,24): warning C4305: аргумент: усечение из "double" в "GLfloat"
C:\Users\Admin\Documents\VS_OpenGL_tutorial\OpenGL_Animation\tut_Basic_Objects\DrawLib.cpp(17,24): warning C4305: аргумент: усечение из "double" в "GLfloat"
C:\Users\Admin\Documents\VS_OpenGL_tutorial\OpenGL_Animation\tut_Basic_Objects\DrawLib.cpp(18,26): warning C4305: аргумент: усечение из "double" в "GLfloat"
C:\Users\Admin\Documents\VS_OpenGL_tutorial\OpenGL_Animation\tut_Basic_Objects\DrawLib.cpp(19,25): warning C4305: аргумент: усечение из "double" в "GLfloat"
C:\Users\Admin\Documents\VS_OpenGL_tutorial\OpenGL_Animation\tut_Basic_Objects\DrawLib.cpp(20,24): warning C4305: аргумент: усечение из "double" в "GLfloat"
C:\Users\Admin\Documents\VS_OpenGL_tutorial\OpenGL_Animation\tut_Basic_Objects\DrawLib.cpp(21,24): warning C4305: аргумент: усечение из "double" в "GLfloat"
C:\Users\Admin\Documents\VS_OpenGL_tutorial\OpenGL_Animation\tut_Basic_Objects\DrawLib.cpp(22,25): warning C4305: аргумент: усечение из "double" в "GLfloat"
C:\Users\Admin\Documents\VS_OpenGL_tutorial\OpenGL_Animation\tut_Basic_Objects\DrawLib.cpp(23,24): warning C4305: аргумент: усечение из "double" в "GLfloat"
C:\Users\Admin\Documents\VS_OpenGL_tutorial\OpenGL_Animation\tut_Basic_Objects\DrawLib.cpp(29,24): warning C4305: аргумент: усечение из "double" в "GLfloat"
C:\Users\Admin\Documents\VS_OpenGL_tutorial\OpenGL_Animation\tut_Basic_Objects\DrawLib.cpp(30,24): warning C4305: аргумент: усечение из "double" в "GLfloat"
C:\Users\Admin\Documents\VS_OpenGL_tutorial\OpenGL_Animation\tut_Basic_Objects\DrawLib.cpp(31,25): warning C4305: аргумент: усечение из "double" в "GLfloat"
C:\Users\Admin\Documents\VS_OpenGL_tutorial\OpenGL_Animation\tut_Basic_Objects\DrawLib.cpp(32,25): warning C4305: аргумент: усечение из "double" в "GLfloat"
C:\Users\Admin\Documents\VS_OpenGL_tutorial\OpenGL_Animation\tut_Basic_Objects\DrawLib.cpp(33,24): warning C4305: аргумент: усечение из "double" в "GLfloat"
C:\Users\Admin\Documents\VS_OpenGL_tutorial\OpenGL_Animation\tut_Basic_Objects\DrawLib.cpp(34,24): warning C4305: аргумент: усечение из "double" в "GLfloat"
C:\Users\Admin\Documents\VS_OpenGL_tutorial\OpenGL_Animation\tut_Basic_Objects\DrawLib.cpp(40,24): warning C4305: аргумент: усечение из "double" в "GLfloat"
C:\Users\Admin\Documents\VS_OpenGL_tutorial\OpenGL_Animation\tut_Basic_Objects\DrawLib.cpp(41,23): warning C4305: аргумент: усечение из "double" в "GLfloat"
C:\Users\Admin\Documents\VS_OpenGL_tutorial\OpenGL_Animation\tut_Basic_Objects\DrawLib.cpp(42,24): warning C4305: аргумент: усечение из "double" в "GLfloat"
C:\Users\Admin\Documents\VS_OpenGL_tutorial\OpenGL_Animation\tut_Basic_Objects\DrawLib.cpp(43,24): warning C4305: аргумент: усечение из "double" в "GLfloat"
C:\Users\Admin\Documents\VS_OpenGL_tutorial\OpenGL_Animation\tut_Basic_Objects\DrawLib.cpp(44,25): warning C4305: аргумент: усечение из "double" в "GLfloat"
C:\Users\Admin\Documents\VS_OpenGL_tutorial\OpenGL_Animation\tut_Basic_Objects\DrawLib.cpp(45,25): warning C4305: аргумент: усечение из "double" в "GLfloat"
C:\Users\Admin\Documents\VS_OpenGL_tutorial\OpenGL_Animation\tut_Basic_Objects\DrawLib.cpp(46,24): warning C4305: аргумент: усечение из "double" в "GLfloat"
C:\Users\Admin\Documents\VS_OpenGL_tutorial\OpenGL_Animation\tut_Basic_Objects\DrawLib.cpp(47,24): warning C4305: аргумент: усечение из "double" в "GLfloat"
C:\Users\Admin\Documents\VS_OpenGL_tutorial\OpenGL_Animation\tut_Basic_Objects\DrawLib.cpp(48,25): warning C4305: аргумент: усечение из "double" в "GLfloat"
C:\Users\Admin\Documents\VS_OpenGL_tutorial\OpenGL_Animation\tut_Basic_Objects\DrawLib.cpp(49,25): warning C4305: аргумент: усечение из "double" в "GLfloat"
C:\Users\Admin\Documents\VS_OpenGL_tutorial\OpenGL_Animation\tut_Basic_Objects\DrawLib.cpp(50,25): warning C4305: аргумент: усечение из "double" в "GLfloat"
C:\Users\Admin\Documents\VS_OpenGL_tutorial\OpenGL_Animation\tut_Basic_Objects\DrawLib.cpp(51,25): warning C4305: аргумент: усечение из "double" в "GLfloat"
C:\Users\Admin\Documents\VS_OpenGL_tutorial\OpenGL_Animation\tut_Basic_Objects\DrawLib.cpp(52,25): warning C4305: аргумент: усечение из "double" в "GLfloat"
C:\Users\Admin\Documents\VS_OpenGL_tutorial\OpenGL_Animation\tut_Basic_Objects\DrawLib.cpp(53,25): warning C4305: аргумент: усечение из "double" в "GLfloat"
C:\Users\Admin\Documents\VS_OpenGL_tutorial\OpenGL_Animation\tut_Basic_Objects\DrawLib.cpp(58,24): warning C4305: аргумент: усечение из "double" в "GLfloat"
C:\Users\Admin\Documents\VS_OpenGL_tutorial\OpenGL_Animation\tut_Basic_Objects\DrawLib.cpp(59,24): warning C4305: аргумент: усечение из "double" в "GLfloat"
C:\Users\Admin\Documents\VS_OpenGL_tutorial\OpenGL_Animation\tut_Basic_Objects\DrawLib.cpp(60,24): warning C4305: аргумент: усечение из "double" в "GLfloat"
C:\Users\Admin\Documents\VS_OpenGL_tutorial\OpenGL_Animation\tut_Basic_Objects\DrawLib.cpp(61,24): warning C4305: аргумент: усечение из "double" в "GLfloat"
C:\Users\Admin\Documents\VS_OpenGL_tutorial\OpenGL_Animation\tut_Basic_Objects\DrawLib.cpp(68,25): warning C4305: аргумент: усечение из "double" в "GLfloat"
C:\Users\Admin\Documents\VS_OpenGL_tutorial\OpenGL_Animation\tut_Basic_Objects\DrawLib.cpp(69,24): warning C4305: аргумент: усечение из "double" в "GLfloat"
C:\Users\Admin\Documents\VS_OpenGL_tutorial\OpenGL_Animation\tut_Basic_Objects\DrawLib.cpp(70,24): warning C4305: аргумент: усечение из "double" в "GLfloat"
C:\Users\Admin\Documents\VS_OpenGL_tutorial\OpenGL_Animation\tut_Basic_Objects\DrawLib.cpp(75,24): warning C4305: аргумент: усечение из "double" в "GLfloat"
C:\Users\Admin\Documents\VS_OpenGL_tutorial\OpenGL_Animation\tut_Basic_Objects\DrawLib.cpp(76,24): warning C4305: аргумент: усечение из "double" в "GLfloat"
C:\Users\Admin\Documents\VS_OpenGL_tutorial\OpenGL_Animation\tut_Basic_Objects\DrawLib.cpp(77,24): warning C4305: аргумент: усечение из "double" в "GLfloat"
C:\Users\Admin\Documents\VS_OpenGL_tutorial\OpenGL_Animation\tut_Basic_Objects\DrawLib.cpp(78,25): warning C4305: аргумент: усечение из "double" в "GLfloat"
C:\Users\Admin\Documents\VS_OpenGL_tutorial\OpenGL_Animation\tut_Basic_Objects\DrawLib.cpp(79,25): warning C4305: аргумент: усечение из "double" в "GLfloat"
C:\Users\Admin\Documents\VS_OpenGL_tutorial\OpenGL_Animation\tut_Basic_Objects\DrawLib.cpp(85,24): warning C4305: аргумент: усечение из "double" в "GLfloat"
C:\Users\Admin\Documents\VS_OpenGL_tutorial\OpenGL_Animation\tut_Basic_Objects\DrawLib.cpp(86,23): warning C4305: аргумент: усечение из "double" в "GLfloat"
C:\Users\Admin\Documents\VS_OpenGL_tutorial\OpenGL_Animation\tut_Basic_Objects\DrawLib.cpp(87,23): warning C4305: аргумент: усечение из "double" в "GLfloat"
C:\Users\Admin\Documents\VS_OpenGL_tutorial\OpenGL_Animation\tut_Basic_Objects\DrawLib.cpp(93,25): warning C4305: аргумент: усечение из "double" в "GLfloat"
C:\Users\Admin\Documents\VS_OpenGL_tutorial\OpenGL_Animation\tut_Basic_Objects\DrawLib.cpp(94,24): warning C4305: аргумент: усечение из "double" в "GLfloat"
C:\Users\Admin\Documents\VS_OpenGL_tutorial\OpenGL_Animation\tut_Basic_Objects\DrawLib.cpp(95,25): warning C4305: аргумент: усечение из "double" в "GLfloat"
C:\Users\Admin\Documents\VS_OpenGL_tutorial\OpenGL_Animation\tut_Basic_Objects\DrawLib.cpp(96,25): warning C4305: аргумент: усечение из "double" в "GLfloat"
C:\Users\Admin\Documents\VS_OpenGL_tutorial\OpenGL_Animation\tut_Basic_Objects\DrawLib.cpp(103,25): warning C4305: аргумент: усечение из "double" в "GLfloat"
C:\Users\Admin\Documents\VS_OpenGL_tutorial\OpenGL_Animation\tut_Basic_Objects\DrawLib.cpp(104,24): warning C4305: аргумент: усечение из "double" в "GLfloat"
C:\Users\Admin\Documents\VS_OpenGL_tutorial\OpenGL_Animation\tut_Basic_Objects\DrawLib.cpp(105,24): warning C4305: аргумент: усечение из "double" в "GLfloat"
C:\Users\Admin\Documents\VS_OpenGL_tutorial\OpenGL_Animation\tut_Basic_Objects\DrawLib.cpp(110,24): warning C4305: аргумент: усечение из "double" в "GLfloat"
C:\Users\Admin\Documents\VS_OpenGL_tutorial\OpenGL_Animation\tut_Basic_Objects\DrawLib.cpp(111,24): warning C4305: аргумент: усечение из "double" в "GLfloat"
C:\Users\Admin\Documents\VS_OpenGL_tutorial\OpenGL_Animation\tut_Basic_Objects\DrawLib.cpp(112,24): warning C4305: аргумент: усечение из "double" в "GLfloat"
C:\Users\Admin\Documents\VS_OpenGL_tutorial\OpenGL_Animation\tut_Basic_Objects\DrawLib.cpp(113,25): warning C4305: аргумент: усечение из "double" в "GLfloat"
C:\Users\Admin\Documents\VS_OpenGL_tutorial\OpenGL_Animation\tut_Basic_Objects\DrawLib.cpp(114,25): warning C4305: аргумент: усечение из "double" в "GLfloat"
C:\Users\Admin\Documents\VS_OpenGL_tutorial\OpenGL_Animation\tut_Basic_Objects\DrawLib.cpp(120,24): warning C4305: аргумент: усечение из "double" в "GLfloat"
C:\Users\Admin\Documents\VS_OpenGL_tutorial\OpenGL_Animation\tut_Basic_Objects\DrawLib.cpp(121,23): warning C4305: аргумент: усечение из "double" в "GLfloat"
C:\Users\Admin\Documents\VS_OpenGL_tutorial\OpenGL_Animation\tut_Basic_Objects\DrawLib.cpp(122,23): warning C4305: аргумент: усечение из "double" в "GLfloat"
C:\Users\Admin\Documents\VS_OpenGL_tutorial\OpenGL_Animation\tut_Basic_Objects\DrawLib.cpp(128,25): warning C4305: аргумент: усечение из "double" в "GLfloat"
C:\Users\Admin\Documents\VS_OpenGL_tutorial\OpenGL_Animation\tut_Basic_Objects\DrawLib.cpp(129,24): warning C4305: аргумент: усечение из "double" в "GLfloat"
C:\Users\Admin\Documents\VS_OpenGL_tutorial\OpenGL_Animation\tut_Basic_Objects\DrawLib.cpp(130,25): warning C4305: аргумент: усечение из "double" в "GLfloat"
C:\Users\Admin\Documents\VS_OpenGL_tutorial\OpenGL_Animation\tut_Basic_Objects\DrawLib.cpp(131,25): warning C4305: аргумент: усечение из "double" в "GLfloat"
C:\Users\Admin\Documents\VS_OpenGL_tutorial\OpenGL_Animation\tut_Basic_Objects\DrawLib.cpp(142,16): warning C4305: инициализация: усечение из "double" в "float"
C:\Users\Admin\Documents\VS_OpenGL_tutorial\OpenGL_Animation\tut_Basic_Objects\DrawLib.cpp(143,10): warning C4244: инициализация: преобразование "double" в "float", возможна потеря данных
C:\Users\Admin\Documents\VS_OpenGL_tutorial\OpenGL_Animation\tut_Basic_Objects\DrawLib.cpp(147,21): warning C4305: аргумент: усечение из "double" в "GLfloat"
C:\Users\Admin\Documents\VS_OpenGL_tutorial\OpenGL_Animation\tut_Basic_Objects\DrawLib.cpp(151,25): warning C4244: аргумент: преобразование "double" в "GLfloat", возможна потеря данных
C:\Users\Admin\Documents\VS_OpenGL_tutorial\OpenGL_Animation\tut_Basic_Objects\DrawLib.cpp(151,16): warning C4244: аргумент: преобразование "double" в "GLfloat", возможна потеря данных
C:\Users\Admin\Documents\VS_OpenGL_tutorial\OpenGL_Animation\tut_Basic_Objects\DrawLib.cpp(157,17): warning C4305: инициализация: усечение из "double" в "float"
C:\Users\Admin\Documents\VS_OpenGL_tutorial\OpenGL_Animation\tut_Basic_Objects\DrawLib.cpp(158,11): warning C4244: инициализация: преобразование "double" в "float", возможна потеря данных
C:\Users\Admin\Documents\VS_OpenGL_tutorial\OpenGL_Animation\tut_Basic_Objects\DrawLib.cpp(161,21): warning C4305: аргумент: усечение из "double" в "GLfloat"
C:\Users\Admin\Documents\VS_OpenGL_tutorial\OpenGL_Animation\tut_Basic_Objects\DrawLib.cpp(165,27): warning C4244: аргумент: преобразование "double" в "GLfloat", возможна потеря данных
C:\Users\Admin\Documents\VS_OpenGL_tutorial\OpenGL_Animation\tut_Basic_Objects\DrawLib.cpp(165,17): warning C4244: аргумент: преобразование "double" в "GLfloat", возможна потеря данных
C:\Users\Admin\Documents\VS_OpenGL_tutorial\OpenGL_Animation\tut_Basic_Objects\DrawLib.cpp(171,17): warning C4305: инициализация: усечение из "double" в "float"
C:\Users\Admin\Documents\VS_OpenGL_tutorial\OpenGL_Animation\tut_Basic_Objects\DrawLib.cpp(172,11): warning C4244: инициализация: преобразование "double" в "float", возможна потеря данных
C:\Users\Admin\Documents\VS_OpenGL_tutorial\OpenGL_Animation\tut_Basic_Objects\DrawLib.cpp(175,21): warning C4305: аргумент: усечение из "double" в "GLfloat"
C:\Users\Admin\Documents\VS_OpenGL_tutorial\OpenGL_Animation\tut_Basic_Objects\DrawLib.cpp(179,27): warning C4244: аргумент: преобразование "double" в "GLfloat", возможна потеря данных
C:\Users\Admin\Documents\VS_OpenGL_tutorial\OpenGL_Animation\tut_Basic_Objects\DrawLib.cpp(179,17): warning C4244: аргумент: преобразование "double" в "GLfloat", возможна потеря данных
C:\Users\Admin\Documents\VS_OpenGL_tutorial\OpenGL_Animation\tut_Basic_Objects\DrawLib.cpp(185,17): warning C4305: инициализация: усечение из "double" в "float"
C:\Users\Admin\Documents\VS_OpenGL_tutorial\OpenGL_Animation\tut_Basic_Objects\DrawLib.cpp(186,11): warning C4244: инициализация: преобразование "double" в "float", возможна потеря данных
C:\Users\Admin\Documents\VS_OpenGL_tutorial\OpenGL_Animation\tut_Basic_Objects\DrawLib.cpp(189,22): warning C4305: аргумент: усечение из "double" в "GLfloat"
C:\Users\Admin\Documents\VS_OpenGL_tutorial\OpenGL_Animation\tut_Basic_Objects\DrawLib.cpp(193,28): warning C4244: аргумент: преобразование "double" в "GLfloat", возможна потеря данных
C:\Users\Admin\Documents\VS_OpenGL_tutorial\OpenGL_Animation\tut_Basic_Objects\DrawLib.cpp(193,17): warning C4244: аргумент: преобразование "double" в "GLfloat", возможна потеря данных
C:\Users\Admin\Documents\VS_OpenGL_tutorial\OpenGL_Animation\tut_Basic_Objects\DrawLib.cpp(199,17): warning C4305: инициализация: усечение из "double" в "float"
C:\Users\Admin\Documents\VS_OpenGL_tutorial\OpenGL_Animation\tut_Basic_Objects\DrawLib.cpp(200,11): warning C4244: инициализация: преобразование "double" в "float", возможна потеря данных
C:\Users\Admin\Documents\VS_OpenGL_tutorial\OpenGL_Animation\tut_Basic_Objects\DrawLib.cpp(203,23): warning C4305: аргумент: усечение из "double" в "GLfloat"
C:\Users\Admin\Documents\VS_OpenGL_tutorial\OpenGL_Animation\tut_Basic_Objects\DrawLib.cpp(207,28): warning C4244: аргумент: преобразование "double" в "GLfloat", возможна потеря данных
C:\Users\Admin\Documents\VS_OpenGL_tutorial\OpenGL_Animation\tut_Basic_Objects\DrawLib.cpp(207,17): warning C4244: аргумент: преобразование "double" в "GLfloat", возможна потеря данных
C:\Users\Admin\Documents\VS_OpenGL_tutorial\OpenGL_Animation\tut_Basic_Objects\DrawLib.cpp(216,16): warning C4305: инициализация: усечение из "double" в "float"
C:\Users\Admin\Documents\VS_OpenGL_tutorial\OpenGL_Animation\tut_Basic_Objects\DrawLib.cpp(217,10): warning C4244: инициализация: преобразование "double" в "float", возможна потеря данных
C:\Users\Admin\Documents\VS_OpenGL_tutorial\OpenGL_Animation\tut_Basic_Objects\DrawLib.cpp(222,22): warning C4305: аргумент: усечение из "double" в "GLfloat"
C:\Users\Admin\Documents\VS_OpenGL_tutorial\OpenGL_Animation\tut_Basic_Objects\DrawLib.cpp(226,24): warning C4244: аргумент: преобразование "double" в "GLfloat", возможна потеря данных
C:\Users\Admin\Documents\VS_OpenGL_tutorial\OpenGL_Animation\tut_Basic_Objects\DrawLib.cpp(226,16): warning C4244: аргумент: преобразование "double" в "GLfloat", возможна потеря данных
C:\Users\Admin\Documents\VS_OpenGL_tutorial\OpenGL_Animation\tut_Basic_Objects\DrawLib.cpp(232,17): warning C4305: инициализация: усечение из "double" в "float"
C:\Users\Admin\Documents\VS_OpenGL_tutorial\OpenGL_Animation\tut_Basic_Objects\DrawLib.cpp(233,11): warning C4244: инициализация: преобразование "double" в "float", возможна потеря данных
C:\Users\Admin\Documents\VS_OpenGL_tutorial\OpenGL_Animation\tut_Basic_Objects\DrawLib.cpp(237,22): warning C4305: аргумент: усечение из "double" в "GLfloat"
C:\Users\Admin\Documents\VS_OpenGL_tutorial\OpenGL_Animation\tut_Basic_Objects\DrawLib.cpp(241,25): warning C4244: аргумент: преобразование "double" в "GLfloat", возможна потеря данных
C:\Users\Admin\Documents\VS_OpenGL_tutorial\OpenGL_Animation\tut_Basic_Objects\DrawLib.cpp(247,17): warning C4305: инициализация: усечение из "double" в "float"
C:\Users\Admin\Documents\VS_OpenGL_tutorial\OpenGL_Animation\tut_Basic_Objects\DrawLib.cpp(248,11): warning C4244: инициализация: преобразование "double" в "float", возможна потеря данных
C:\Users\Admin\Documents\VS_OpenGL_tutorial\OpenGL_Animation\tut_Basic_Objects\DrawLib.cpp(252,22): warning C4305: аргумент: усечение из "double" в "GLfloat"
C:\Users\Admin\Documents\VS_OpenGL_tutorial\OpenGL_Animation\tut_Basic_Objects\DrawLib.cpp(256,26): warning C4244: аргумент: преобразование "double" в "GLfloat", возможна потеря данных
C:\Users\Admin\Documents\VS_OpenGL_tutorial\OpenGL_Animation\tut_Basic_Objects\DrawLib.cpp(256,17): warning C4244: аргумент: преобразование "double" в "GLfloat", возможна потеря данных
  FifthScene.cpp
C:\Users\Admin\Documents\VS_OpenGL_tutorial\OpenGL_Animation\tut_Basic_Objects\FifthScene.cpp(26,25): warning C4244: аргумент: преобразование "double" в "GLubyte", возможна потеря данных
C:\Users\Admin\Documents\VS_OpenGL_tutorial\OpenGL_Animation\tut_Basic_Objects\FifthScene.cpp(26,19): warning C4244: аргумент: преобразование "double" в "GLubyte", возможна потеря данных
C:\Users\Admin\Documents\VS_OpenGL_tutorial\OpenGL_Animation\tut_Basic_Objects\FifthScene.cpp(26,13): warning C4244: аргумент: преобразование "double" в "GLubyte", возможна потеря данных
C:\Users\Admin\Documents\VS_OpenGL_tutorial\OpenGL_Animation\tut_Basic_Objects\FifthScene.cpp(28,23): warning C4305: аргумент: усечение из "double" в "GLfloat"
C:\Users\Admin\Documents\VS_OpenGL_tutorial\OpenGL_Animation\tut_Basic_Objects\FifthScene.cpp(29,21): warning C4305: аргумент: усечение из "double" в "GLfloat"
C:\Users\Admin\Documents\VS_OpenGL_tutorial\OpenGL_Animation\tut_Basic_Objects\FifthScene.cpp(30,23): warning C4305: аргумент: усечение из "double" в "GLfloat"
C:\Users\Admin\Documents\VS_OpenGL_tutorial\OpenGL_Animation\tut_Basic_Objects\FifthScene.cpp(31,24): warning C4305: аргумент: усечение из "double" в "GLfloat"
C:\Users\Admin\Documents\VS_OpenGL_tutorial\OpenGL_Animation\tut_Basic_Objects\FifthScene.cpp(32,24): warning C4305: аргумент: усечение из "double" в "GLfloat"
C:\Users\Admin\Documents\VS_OpenGL_tutorial\OpenGL_Animation\tut_Basic_Objects\FifthScene.cpp(34,24): warning C4305: аргумент: усечение из "double" в "GLfloat"
C:\Users\Admin\Documents\VS_OpenGL_tutorial\OpenGL_Animation\tut_Basic_Objects\FifthScene.cpp(35,24): warning C4305: аргумент: усечение из "double" в "GLfloat"
C:\Users\Admin\Documents\VS_OpenGL_tutorial\OpenGL_Animation\tut_Basic_Objects\FifthScene.cpp(37,24): warning C4305: аргумент: усечение из "double" в "GLfloat"
C:\Users\Admin\Documents\VS_OpenGL_tutorial\OpenGL_Animation\tut_Basic_Objects\FifthScene.cpp(39,24): warning C4305: аргумент: усечение из "double" в "GLfloat"
C:\Users\Admin\Documents\VS_OpenGL_tutorial\OpenGL_Animation\tut_Basic_Objects\FifthScene.cpp(40,24): warning C4305: аргумент: усечение из "double" в "GLfloat"
C:\Users\Admin\Documents\VS_OpenGL_tutorial\OpenGL_Animation\tut_Basic_Objects\FifthScene.cpp(41,22): warning C4305: аргумент: усечение из "double" в "GLfloat"
C:\Users\Admin\Documents\VS_OpenGL_tutorial\OpenGL_Animation\tut_Basic_Objects\FifthScene.cpp(42,24): warning C4305: аргумент: усечение из "double" в "GLfloat"
C:\Users\Admin\Documents\VS_OpenGL_tutorial\OpenGL_Animation\tut_Basic_Objects\FifthScene.cpp(43,25): warning C4305: аргумент: усечение из "double" в "GLfloat"
C:\Users\Admin\Documents\VS_OpenGL_tutorial\OpenGL_Animation\tut_Basic_Objects\FifthScene.cpp(44,24): warning C4305: аргумент: усечение из "double" в "GLfloat"
C:\Users\Admin\Documents\VS_OpenGL_tutorial\OpenGL_Animation\tut_Basic_Objects\FifthScene.cpp(46,23): warning C4305: аргумент: усечение из "double" в "GLfloat"
C:\Users\Admin\Documents\VS_OpenGL_tutorial\OpenGL_Animation\tut_Basic_Objects\FifthScene.cpp(47,24): warning C4305: аргумент: усечение из "double" в "GLfloat"
C:\Users\Admin\Documents\VS_OpenGL_tutorial\OpenGL_Animation\tut_Basic_Objects\FifthScene.cpp(49,23): warning C4305: аргумент: усечение из "double" в "GLfloat"
C:\Users\Admin\Documents\VS_OpenGL_tutorial\OpenGL_Animation\tut_Basic_Objects\FifthScene.cpp(50,23): warning C4305: аргумент: усечение из "double" в "GLfloat"
C:\Users\Admin\Documents\VS_OpenGL_tutorial\OpenGL_Animation\tut_Basic_Objects\FifthScene.cpp(54,24): warning C4305: аргумент: усечение из "double" в "GLfloat"
C:\Users\Admin\Documents\VS_OpenGL_tutorial\OpenGL_Animation\tut_Basic_Objects\FifthScene.cpp(55,21): warning C4305: аргумент: усечение из "double" в "GLfloat"
C:\Users\Admin\Documents\VS_OpenGL_tutorial\OpenGL_Animation\tut_Basic_Objects\FifthScene.cpp(56,22): warning C4305: аргумент: усечение из "double" в "GLfloat"
C:\Users\Admin\Documents\VS_OpenGL_tutorial\OpenGL_Animation\tut_Basic_Objects\FifthScene.cpp(57,23): warning C4305: аргумент: усечение из "double" в "GLfloat"
C:\Users\Admin\Documents\VS_OpenGL_tutorial\OpenGL_Animation\tut_Basic_Objects\FifthScene.cpp(58,23): warning C4305: аргумент: усечение из "double" в "GLfloat"
C:\Users\Admin\Documents\VS_OpenGL_tutorial\OpenGL_Animation\tut_Basic_Objects\FifthScene.cpp(59,23): warning C4305: аргумент: усечение из "double" в "GLfloat"
C:\Users\Admin\Documents\VS_OpenGL_tutorial\OpenGL_Animation\tut_Basic_Objects\FifthScene.cpp(60,23): warning C4305: аргумент: усечение из "double" в "GLfloat"
C:\Users\Admin\Documents\VS_OpenGL_tutorial\OpenGL_Animation\tut_Basic_Objects\FifthScene.cpp(61,22): warning C4305: аргумент: усечение из "double" в "GLfloat"
C:\Users\Admin\Documents\VS_OpenGL_tutorial\OpenGL_Animation\tut_Basic_Objects\FifthScene.cpp(62,22): warning C4305: аргумент: усечение из "double" в "GLfloat"
C:\Users\Admin\Documents\VS_OpenGL_tutorial\OpenGL_Animation\tut_Basic_Objects\FifthScene.cpp(63,23): warning C4305: аргумент: усечение из "double" в "GLfloat"
C:\Users\Admin\Documents\VS_OpenGL_tutorial\OpenGL_Animation\tut_Basic_Objects\FifthScene.cpp(64,23): warning C4305: аргумент: усечение из "double" в "GLfloat"
C:\Users\Admin\Documents\VS_OpenGL_tutorial\OpenGL_Animation\tut_Basic_Objects\FifthScene.cpp(66,22): warning C4305: аргумент: усечение из "double" в "GLfloat"
C:\Users\Admin\Documents\VS_OpenGL_tutorial\OpenGL_Animation\tut_Basic_Objects\FifthScene.cpp(67,23): warning C4305: аргумент: усечение из "double" в "GLfloat"
C:\Users\Admin\Documents\VS_OpenGL_tutorial\OpenGL_Animation\tut_Basic_Objects\FifthScene.cpp(68,24): warning C4305: аргумент: усечение из "double" в "GLfloat"
  FirstScene.cpp
C:\Users\Admin\Documents\VS_OpenGL_tutorial\OpenGL_Animation\tut_Basic_Objects\FirstScene.cpp(35,24): warning C4305: аргумент: усечение из "double" в "GLfloat"
C:\Users\Admin\Documents\VS_OpenGL_tutorial\OpenGL_Animation\tut_Basic_Objects\FirstScene.cpp(37,23): warning C4305: аргумент: усечение из "double" в "GLfloat"
C:\Users\Admin\Documents\VS_OpenGL_tutorial\OpenGL_Animation\tut_Basic_Objects\FirstScene.cpp(44,22): warning C4305: аргумент: усечение из "double" в "GLfloat"
C:\Users\Admin\Documents\VS_OpenGL_tutorial\OpenGL_Animation\tut_Basic_Objects\FirstScene.cpp(46,23): warning C4305: аргумент: усечение из "double" в "GLfloat"
C:\Users\Admin\Documents\VS_OpenGL_tutorial\OpenGL_Animation\tut_Basic_Objects\FirstScene.cpp(48,24): warning C4305: аргумент: усечение из "double" в "GLfloat"
C:\Users\Admin\Documents\VS_OpenGL_tutorial\OpenGL_Animation\tut_Basic_Objects\FirstScene.cpp(50,23): warning C4305: аргумент: усечение из "double" в "GLfloat"
C:\Users\Admin\Documents\VS_OpenGL_tutorial\OpenGL_Animation\tut_Basic_Objects\FirstScene.cpp(52,23): warning C4305: аргумент: усечение из "double" в "GLfloat"
C:\Users\Admin\Documents\VS_OpenGL_tutorial\OpenGL_Animation\tut_Basic_Objects\FirstScene.cpp(54,24): warning C4305: аргумент: усечение из "double" в "GLfloat"
C:\Users\Admin\Documents\VS_OpenGL_tutorial\OpenGL_Animation\tut_Basic_Objects\FirstScene.cpp(56,21): warning C4305: аргумент: усечение из "double" в "GLfloat"
C:\Users\Admin\Documents\VS_OpenGL_tutorial\OpenGL_Animation\tut_Basic_Objects\FirstScene.cpp(66,16): warning C4305: инициализация: усечение из "double" в "float"
C:\Users\Admin\Documents\VS_OpenGL_tutorial\OpenGL_Animation\tut_Basic_Objects\FirstScene.cpp(66,25): warning C4305: инициализация: усечение из "double" в "float"
C:\Users\Admin\Documents\VS_OpenGL_tutorial\OpenGL_Animation\tut_Basic_Objects\FirstScene.cpp(67,17): warning C4305: инициализация: усечение из "double" в "float"
C:\Users\Admin\Documents\VS_OpenGL_tutorial\OpenGL_Animation\tut_Basic_Objects\FirstScene.cpp(67,27): warning C4305: инициализация: усечение из "double" в "float"
C:\Users\Admin\Documents\VS_OpenGL_tutorial\OpenGL_Animation\tut_Basic_Objects\FirstScene.cpp(69,16): warning C4305: инициализация: усечение из "double" в "float"
C:\Users\Admin\Documents\VS_OpenGL_tutorial\OpenGL_Animation\tut_Basic_Objects\FirstScene.cpp(70,17): warning C4305: инициализация: усечение из "double" в "float"
C:\Users\Admin\Documents\VS_OpenGL_tutorial\OpenGL_Animation\tut_Basic_Objects\FirstScene.cpp(73,22): warning C4305: аргумент: усечение из "double" в "GLfloat"
C:\Users\Admin\Documents\VS_OpenGL_tutorial\OpenGL_Animation\tut_Basic_Objects\FirstScene.cpp(74,23): warning C4305: аргумент: усечение из "double" в "GLfloat"
C:\Users\Admin\Documents\VS_OpenGL_tutorial\OpenGL_Animation\tut_Basic_Objects\FirstScene.cpp(78,22): warning C4305: аргумент: усечение из "double" в "GLfloat"
C:\Users\Admin\Documents\VS_OpenGL_tutorial\OpenGL_Animation\tut_Basic_Objects\FirstScene.cpp(79,23): warning C4305: аргумент: усечение из "double" в "GLfloat"
C:\Users\Admin\Documents\VS_OpenGL_tutorial\OpenGL_Animation\tut_Basic_Objects\FirstScene.cpp(84,9): warning C4244: =: преобразование "double" в "float", возможна потеря данных
C:\Users\Admin\Documents\VS_OpenGL_tutorial\OpenGL_Animation\tut_Basic_Objects\FirstScene.cpp(85,11): warning C4244: =: преобразование "double" в "float", возможна потеря данных
C:\Users\Admin\Documents\VS_OpenGL_tutorial\OpenGL_Animation\tut_Basic_Objects\FirstScene.cpp(86,19): warning C4244: аргумент: преобразование "double" в "GLfloat", возможна потеря данных
C:\Users\Admin\Documents\VS_OpenGL_tutorial\OpenGL_Animation\tut_Basic_Objects\FirstScene.cpp(87,21): warning C4244: аргумент: преобразование "double" в "GLfloat", возможна потеря данных
C:\Users\Admin\Documents\VS_OpenGL_tutorial\OpenGL_Animation\tut_Basic_Objects\FirstScene.cpp(90,11): warning C4244: =: преобразование "double" в "float", возможна потеря данных
C:\Users\Admin\Documents\VS_OpenGL_tutorial\OpenGL_Animation\tut_Basic_Objects\FirstScene.cpp(91,13): warning C4244: =: преобразование "double" в "float", возможна потеря данных
C:\Users\Admin\Documents\VS_OpenGL_tutorial\OpenGL_Animation\tut_Basic_Objects\FirstScene.cpp(92,20): warning C4244: аргумент: преобразование "double" в "GLfloat", возможна потеря данных
C:\Users\Admin\Documents\VS_OpenGL_tutorial\OpenGL_Animation\tut_Basic_Objects\FirstScene.cpp(93,22): warning C4244: аргумент: преобразование "double" в "GLfloat", возможна потеря данных
C:\Users\Admin\Documents\VS_OpenGL_tutorial\OpenGL_Animation\tut_Basic_Objects\FirstScene.cpp(101,23): warning C4305: аргумент: усечение из "double" в "GLfloat"
C:\Users\Admin\Documents\VS_OpenGL_tutorial\OpenGL_Animation\tut_Basic_Objects\FirstScene.cpp(102,24): warning C4305: аргумент: усечение из "double" в "GLfloat"
C:\Users\Admin\Documents\VS_OpenGL_tutorial\OpenGL_Animation\tut_Basic_Objects\FirstScene.cpp(103,23): warning C4305: аргумент: усечение из "double" в "GLfloat"
C:\Users\Admin\Documents\VS_OpenGL_tutorial\OpenGL_Animation\tut_Basic_Objects\FirstScene.cpp(104,24): warning C4305: аргумент: усечение из "double" в "GLfloat"
C:\Users\Admin\Documents\VS_OpenGL_tutorial\OpenGL_Animation\tut_Basic_Objects\FirstScene.cpp(105,24): warning C4305: аргумент: усечение из "double" в "GLfloat"
  FourthScene.cpp
C:\Users\Admin\Documents\VS_OpenGL_tutorial\OpenGL_Animation\tut_Basic_Objects\FourthScene.cpp(20,25): warning C4244: аргумент: преобразование "double" в "GLubyte", возможна потеря данных
C:\Users\Admin\Documents\VS_OpenGL_tutorial\OpenGL_Animation\tut_Basic_Objects\FourthScene.cpp(20,19): warning C4244: аргумент: преобразование "double" в "GLubyte", возможна потеря данных
C:\Users\Admin\Documents\VS_OpenGL_tutorial\OpenGL_Animation\tut_Basic_Objects\FourthScene.cpp(20,13): warning C4244: аргумент: преобразование "double" в "GLubyte", возможна потеря данных
C:\Users\Admin\Documents\VS_OpenGL_tutorial\OpenGL_Animation\tut_Basic_Objects\FourthScene.cpp(22,23): warning C4305: аргумент: усечение из "double" в "GLfloat"
C:\Users\Admin\Documents\VS_OpenGL_tutorial\OpenGL_Animation\tut_Basic_Objects\FourthScene.cpp(23,21): warning C4305: аргумент: усечение из "double" в "GLfloat"
C:\Users\Admin\Documents\VS_OpenGL_tutorial\OpenGL_Animation\tut_Basic_Objects\FourthScene.cpp(24,23): warning C4305: аргумент: усечение из "double" в "GLfloat"
C:\Users\Admin\Documents\VS_OpenGL_tutorial\OpenGL_Animation\tut_Basic_Objects\FourthScene.cpp(25,24): warning C4305: аргумент: усечение из "double" в "GLfloat"
C:\Users\Admin\Documents\VS_OpenGL_tutorial\OpenGL_Animation\tut_Basic_Objects\FourthScene.cpp(26,24): warning C4305: аргумент: усечение из "double" в "GLfloat"
C:\Users\Admin\Documents\VS_OpenGL_tutorial\OpenGL_Animation\tut_Basic_Objects\FourthScene.cpp(28,24): warning C4305: аргумент: усечение из "double" в "GLfloat"
C:\Users\Admin\Documents\VS_OpenGL_tutorial\OpenGL_Animation\tut_Basic_Objects\FourthScene.cpp(29,24): warning C4305: аргумент: усечение из "double" в "GLfloat"
C:\Users\Admin\Documents\VS_OpenGL_tutorial\OpenGL_Animation\tut_Basic_Objects\FourthScene.cpp(31,24): warning C4305: аргумент: усечение из "double" в "GLfloat"
C:\Users\Admin\Documents\VS_OpenGL_tutorial\OpenGL_Animation\tut_Basic_Objects\FourthScene.cpp(33,24): warning C4305: аргумент: усечение из "double" в "GLfloat"
C:\Users\Admin\Documents\VS_OpenGL_tutorial\OpenGL_Animation\tut_Basic_Objects\FourthScene.cpp(34,24): warning C4305: аргумент: усечение из "double" в "GLfloat"
C:\Users\Admin\Documents\VS_OpenGL_tutorial\OpenGL_Animation\tut_Basic_Objects\FourthScene.cpp(35,22): warning C4305: аргумент: усечение из "double" в "GLfloat"
C:\Users\Admin\Documents\VS_OpenGL_tutorial\OpenGL_Animation\tut_Basic_Objects\FourthScene.cpp(36,24): warning C4305: аргумент: усечение из "double" в "GLfloat"
C:\Users\Admin\Documents\VS_OpenGL_tutorial\OpenGL_Animation\tut_Basic_Objects\FourthScene.cpp(37,25): warning C4305: аргумент: усечение из "double" в "GLfloat"
C:\Users\Admin\Documents\VS_OpenGL_tutorial\OpenGL_Animation\tut_Basic_Objects\FourthScene.cpp(38,24): warning C4305: аргумент: усечение из "double" в "GLfloat"
C:\Users\Admin\Documents\VS_OpenGL_tutorial\OpenGL_Animation\tut_Basic_Objects\FourthScene.cpp(40,23): warning C4305: аргумент: усечение из "double" в "GLfloat"
C:\Users\Admin\Documents\VS_OpenGL_tutorial\OpenGL_Animation\tut_Basic_Objects\FourthScene.cpp(41,24): warning C4305: аргумент: усечение из "double" в "GLfloat"
C:\Users\Admin\Documents\VS_OpenGL_tutorial\OpenGL_Animation\tut_Basic_Objects\FourthScene.cpp(43,23): warning C4305: аргумент: усечение из "double" в "GLfloat"
C:\Users\Admin\Documents\VS_OpenGL_tutorial\OpenGL_Animation\tut_Basic_Objects\FourthScene.cpp(44,23): warning C4305: аргумент: усечение из "double" в "GLfloat"
C:\Users\Admin\Documents\VS_OpenGL_tutorial\OpenGL_Animation\tut_Basic_Objects\FourthScene.cpp(48,24): warning C4305: аргумент: усечение из "double" в "GLfloat"
C:\Users\Admin\Documents\VS_OpenGL_tutorial\OpenGL_Animation\tut_Basic_Objects\FourthScene.cpp(49,21): warning C4305: аргумент: усечение из "double" в "GLfloat"
C:\Users\Admin\Documents\VS_OpenGL_tutorial\OpenGL_Animation\tut_Basic_Objects\FourthScene.cpp(50,22): warning C4305: аргумент: усечение из "double" в "GLfloat"
C:\Users\Admin\Documents\VS_OpenGL_tutorial\OpenGL_Animation\tut_Basic_Objects\FourthScene.cpp(51,23): warning C4305: аргумент: усечение из "double" в "GLfloat"
C:\Users\Admin\Documents\VS_OpenGL_tutorial\OpenGL_Animation\tut_Basic_Objects\FourthScene.cpp(52,23): warning C4305: аргумент: усечение из "double" в "GLfloat"
C:\Users\Admin\Documents\VS_OpenGL_tutorial\OpenGL_Animation\tut_Basic_Objects\FourthScene.cpp(54,23): warning C4305: аргумент: усечение из "double" в "GLfloat"
C:\Users\Admin\Documents\VS_OpenGL_tutorial\OpenGL_Animation\tut_Basic_Objects\FourthScene.cpp(55,23): warning C4305: аргумент: усечение из "double" в "GLfloat"
C:\Users\Admin\Documents\VS_OpenGL_tutorial\OpenGL_Animation\tut_Basic_Objects\FourthScene.cpp(57,23): warning C4305: аргумент: усечение из "double" в "GLfloat"
C:\Users\Admin\Documents\VS_OpenGL_tutorial\OpenGL_Animation\tut_Basic_Objects\FourthScene.cpp(59,25): warning C4305: аргумент: усечение из "double" в "GLfloat"
C:\Users\Admin\Documents\VS_OpenGL_tutorial\OpenGL_Animation\tut_Basic_Objects\FourthScene.cpp(60,25): warning C4305: аргумент: усечение из "double" в "GLfloat"
C:\Users\Admin\Documents\VS_OpenGL_tutorial\OpenGL_Animation\tut_Basic_Objects\FourthScene.cpp(61,22): warning C4305: аргумент: усечение из "double" в "GLfloat"
C:\Users\Admin\Documents\VS_OpenGL_tutorial\OpenGL_Animation\tut_Basic_Objects\FourthScene.cpp(62,22): warning C4305: аргумент: усечение из "double" в "GLfloat"
C:\Users\Admin\Documents\VS_OpenGL_tutorial\OpenGL_Animation\tut_Basic_Objects\FourthScene.cpp(63,23): warning C4305: аргумент: усечение из "double" в "GLfloat"
C:\Users\Admin\Documents\VS_OpenGL_tutorial\OpenGL_Animation\tut_Basic_Objects\FourthScene.cpp(64,23): warning C4305: аргумент: усечение из "double" в "GLfloat"
C:\Users\Admin\Documents\VS_OpenGL_tutorial\OpenGL_Animation\tut_Basic_Objects\FourthScene.cpp(66,23): warning C4305: аргумент: усечение из "double" в "GLfloat"
C:\Users\Admin\Documents\VS_OpenGL_tutorial\OpenGL_Animation\tut_Basic_Objects\FourthScene.cpp(67,22): warning C4305: аргумент: усечение из "double" в "GLfloat"
C:\Users\Admin\Documents\VS_OpenGL_tutorial\OpenGL_Animation\tut_Basic_Objects\FourthScene.cpp(69,23): warning C4305: аргумент: усечение из "double" в "GLfloat"
C:\Users\Admin\Documents\VS_OpenGL_tutorial\OpenGL_Animation\tut_Basic_Objects\FourthScene.cpp(70,24): warning C4305: аргумент: усечение из "double" в "GLfloat"
C:\Users\Admin\Documents\VS_OpenGL_tutorial\OpenGL_Animation\tut_Basic_Objects\FourthScene.cpp(75,27): warning C4305: аргумент: усечение из "double" в "GLfloat"
C:\Users\Admin\Documents\VS_OpenGL_tutorial\OpenGL_Animation\tut_Basic_Objects\FourthScene.cpp(83,24): warning C4305: аргумент: усечение из "double" в "GLfloat"
C:\Users\Admin\Documents\VS_OpenGL_tutorial\OpenGL_Animation\tut_Basic_Objects\FourthScene.cpp(84,24): warning C4305: аргумент: усечение из "double" в "GLfloat"
C:\Users\Admin\Documents\VS_OpenGL_tutorial\OpenGL_Animation\tut_Basic_Objects\FourthScene.cpp(85,21): warning C4305: аргумент: усечение из "double" в "GLfloat"
C:\Users\Admin\Documents\VS_OpenGL_tutorial\OpenGL_Animation\tut_Basic_Objects\FourthScene.cpp(86,21): warning C4305: аргумент: усечение из "double" в "GLfloat"
C:\Users\Admin\Documents\VS_OpenGL_tutorial\OpenGL_Animation\tut_Basic_Objects\FourthScene.cpp(87,25): warning C4305: аргумент: усечение из "double" в "GLfloat"
C:\Users\Admin\Documents\VS_OpenGL_tutorial\OpenGL_Animation\tut_Basic_Objects\FourthScene.cpp(88,25): warning C4305: аргумент: усечение из "double" в "GLfloat"
C:\Users\Admin\Documents\VS_OpenGL_tutorial\OpenGL_Animation\tut_Basic_Objects\FourthScene.cpp(89,26): warning C4305: аргумент: усечение из "double" в "GLfloat"
C:\Users\Admin\Documents\VS_OpenGL_tutorial\OpenGL_Animation\tut_Basic_Objects\FourthScene.cpp(90,26): warning C4305: аргумент: усечение из "double" в "GLfloat"
C:\Users\Admin\Documents\VS_OpenGL_tutorial\OpenGL_Animation\tut_Basic_Objects\FourthScene.cpp(91,25): warning C4305: аргумент: усечение из "double" в "GLfloat"
C:\Users\Admin\Documents\VS_OpenGL_tutorial\OpenGL_Animation\tut_Basic_Objects\FourthScene.cpp(92,26): warning C4305: аргумент: усечение из "double" в "GLfloat"
C:\Users\Admin\Documents\VS_OpenGL_tutorial\OpenGL_Animation\tut_Basic_Objects\FourthScene.cpp(93,22): warning C4305: аргумент: усечение из "double" в "GLfloat"
C:\Users\Admin\Documents\VS_OpenGL_tutorial\OpenGL_Animation\tut_Basic_Objects\FourthScene.cpp(94,21): warning C4305: аргумент: усечение из "double" в "GLfloat"
C:\Users\Admin\Documents\VS_OpenGL_tutorial\OpenGL_Animation\tut_Basic_Objects\FourthScene.cpp(95,22): warning C4305: аргумент: усечение из "double" в "GLfloat"
C:\Users\Admin\Documents\VS_OpenGL_tutorial\OpenGL_Animation\tut_Basic_Objects\FourthScene.cpp(97,26): warning C4305: аргумент: усечение из "double" в "GLfloat"
C:\Users\Admin\Documents\VS_OpenGL_tutorial\OpenGL_Animation\tut_Basic_Objects\FourthScene.cpp(98,26): warning C4305: аргумент: усечение из "double" в "GLfloat"
C:\Users\Admin\Documents\VS_OpenGL_tutorial\OpenGL_Animation\tut_Basic_Objects\FourthScene.cpp(109,25): warning C4305: аргумент: усечение из "double" в "GLfloat"
C:\Users\Admin\Documents\VS_OpenGL_tutorial\OpenGL_Animation\tut_Basic_Objects\FourthScene.cpp(111,25): warning C4305: аргумент: усечение из "double" в "GLfloat"
C:\Users\Admin\Documents\VS_OpenGL_tutorial\OpenGL_Animation\tut_Basic_Objects\FourthScene.cpp(112,25): warning C4305: аргумент: усечение из "double" в "GLfloat"
C:\Users\Admin\Documents\VS_OpenGL_tutorial\OpenGL_Animation\tut_Basic_Objects\FourthScene.cpp(114,24): warning C4305: аргумент: усечение из "double" в "GLfloat"
C:\Users\Admin\Documents\VS_OpenGL_tutorial\OpenGL_Animation\tut_Basic_Objects\FourthScene.cpp(115,25): warning C4305: аргумент: усечение из "double" в "GLfloat"
C:\Users\Admin\Documents\VS_OpenGL_tutorial\OpenGL_Animation\tut_Basic_Objects\FourthScene.cpp(116,21): warning C4305: аргумент: усечение из "double" в "GLfloat"
C:\Users\Admin\Documents\VS_OpenGL_tutorial\OpenGL_Animation\tut_Basic_Objects\FourthScene.cpp(118,24): warning C4305: аргумент: усечение из "double" в "GLfloat"
C:\Users\Admin\Documents\VS_OpenGL_tutorial\OpenGL_Animation\tut_Basic_Objects\FourthScene.cpp(119,25): warning C4305: аргумент: усечение из "double" в "GLfloat"
C:\Users\Admin\Documents\VS_OpenGL_tutorial\OpenGL_Animation\tut_Basic_Objects\FourthScene.cpp(120,25): warning C4305: аргумент: усечение из "double" в "GLfloat"
C:\Users\Admin\Documents\VS_OpenGL_tutorial\OpenGL_Animation\tut_Basic_Objects\FourthScene.cpp(122,26): warning C4305: аргумент: усечение из "double" в "GLfloat"
C:\Users\Admin\Documents\VS_OpenGL_tutorial\OpenGL_Animation\tut_Basic_Objects\FourthScene.cpp(123,26): warning C4305: аргумент: усечение из "double" в "GLfloat"
C:\Users\Admin\Documents\VS_OpenGL_tutorial\OpenGL_Animation\tut_Basic_Objects\FourthScene.cpp(124,26): warning C4305: аргумент: усечение из "double" в "GLfloat"
C:\Users\Admin\Documents\VS_OpenGL_tutorial\OpenGL_Animation\tut_Basic_Objects\FourthScene.cpp(125,21): warning C4305: аргумент: усечение из "double" в "GLfloat"
C:\Users\Admin\Documents\VS_OpenGL_tutorial\OpenGL_Animation\tut_Basic_Objects\FourthScene.cpp(127,24): warning C4305: аргумент: усечение из "double" в "GLfloat"
C:\Users\Admin\Documents\VS_OpenGL_tutorial\OpenGL_Animation\tut_Basic_Objects\FourthScene.cpp(128,25): warning C4305: аргумент: усечение из "double" в "GLfloat"
C:\Users\Admin\Documents\VS_OpenGL_tutorial\OpenGL_Animation\tut_Basic_Objects\FourthScene.cpp(130,22): warning C4305: аргумент: усечение из "double" в "GLfloat"
C:\Users\Admin\Documents\VS_OpenGL_tutorial\OpenGL_Animation\tut_Basic_Objects\FourthScene.cpp(131,25): warning C4305: аргумент: усечение из "double" в "GLfloat"
C:\Users\Admin\Documents\VS_OpenGL_tutorial\OpenGL_Animation\tut_Basic_Objects\FourthScene.cpp(132,24): warning C4305: аргумент: усечение из "double" в "GLfloat"
C:\Users\Admin\Documents\VS_OpenGL_tutorial\OpenGL_Animation\tut_Basic_Objects\FourthScene.cpp(133,24): warning C4305: аргумент: усечение из "double" в "GLfloat"
C:\Users\Admin\Documents\VS_OpenGL_tutorial\OpenGL_Animation\tut_Basic_Objects\FourthScene.cpp(134,25): warning C4305: аргумент: усечение из "double" в "GLfloat"
C:\Users\Admin\Documents\VS_OpenGL_tutorial\OpenGL_Animation\tut_Basic_Objects\FourthScene.cpp(135,22): warning C4305: аргумент: усечение из "double" в "GLfloat"
C:\Users\Admin\Documents\VS_OpenGL_tutorial\OpenGL_Animation\tut_Basic_Objects\FourthScene.cpp(136,21): warning C4305: аргумент: усечение из "double" в "GLfloat"
C:\Users\Admin\Documents\VS_OpenGL_tutorial\OpenGL_Animation\tut_Basic_Objects\FourthScene.cpp(137,24): warning C4305: аргумент: усечение из "double" в "GLfloat"
C:\Users\Admin\Documents\VS_OpenGL_tutorial\OpenGL_Animation\tut_Basic_Objects\FourthScene.cpp(138,25): warning C4305: аргумент: усечение из "double" в "GLfloat"
C:\Users\Admin\Documents\VS_OpenGL_tutorial\OpenGL_Animation\tut_Basic_Objects\FourthScene.cpp(141,24): warning C4305: аргумент: усечение из "double" в "GLfloat"
C:\Users\Admin\Documents\VS_OpenGL_tutorial\OpenGL_Animation\tut_Basic_Objects\FourthScene.cpp(142,24): warning C4305: аргумент: усечение из "double" в "GLfloat"
C:\Users\Admin\Documents\VS_OpenGL_tutorial\OpenGL_Animation\tut_Basic_Objects\FourthScene.cpp(143,24): warning C4305: аргумент: усечение из "double" в "GLfloat"
C:\Users\Admin\Documents\VS_OpenGL_tutorial\OpenGL_Animation\tut_Basic_Objects\FourthScene.cpp(144,24): warning C4305: аргумент: усечение из "double" в "GLfloat"
C:\Users\Admin\Documents\VS_OpenGL_tutorial\OpenGL_Animation\tut_Basic_Objects\FourthScene.cpp(146,25): warning C4305: аргумент: усечение из "double" в "GLfloat"
C:\Users\Admin\Documents\VS_OpenGL_tutorial\OpenGL_Animation\tut_Basic_Objects\FourthScene.cpp(147,25): warning C4305: аргумент: усечение из "double" в "GLfloat"
C:\Users\Admin\Documents\VS_OpenGL_tutorial\OpenGL_Animation\tut_Basic_Objects\FourthScene.cpp(148,25): warning C4305: аргумент: усечение из "double" в "GLfloat"
C:\Users\Admin\Documents\VS_OpenGL_tutorial\OpenGL_Animation\tut_Basic_Objects\FourthScene.cpp(149,25): warning C4305: аргумент: усечение из "double" в "GLfloat"
C:\Users\Admin\Documents\VS_OpenGL_tutorial\OpenGL_Animation\tut_Basic_Objects\FourthScene.cpp(151,26): warning C4305: аргумент: усечение из "double" в "GLfloat"
C:\Users\Admin\Documents\VS_OpenGL_tutorial\OpenGL_Animation\tut_Basic_Objects\FourthScene.cpp(152,26): warning C4305: аргумент: усечение из "double" в "GLfloat"
C:\Users\Admin\Documents\VS_OpenGL_tutorial\OpenGL_Animation\tut_Basic_Objects\FourthScene.cpp(153,26): warning C4305: аргумент: усечение из "double" в "GLfloat"
C:\Users\Admin\Documents\VS_OpenGL_tutorial\OpenGL_Animation\tut_Basic_Objects\FourthScene.cpp(155,26): warning C4305: аргумент: усечение из "double" в "GLfloat"
C:\Users\Admin\Documents\VS_OpenGL_tutorial\OpenGL_Animation\tut_Basic_Objects\FourthScene.cpp(156,26): warning C4305: аргумент: усечение из "double" в "GLfloat"
C:\Users\Admin\Documents\VS_OpenGL_tutorial\OpenGL_Animation\tut_Basic_Objects\FourthScene.cpp(157,26): warning C4305: аргумент: усечение из "double" в "GLfloat"
C:\Users\Admin\Documents\VS_OpenGL_tutorial\OpenGL_Animation\tut_Basic_Objects\FourthScene.cpp(159,24): warning C4305: аргумент: усечение из "double" в "GLfloat"
C:\Users\Admin\Documents\VS_OpenGL_tutorial\OpenGL_Animation\tut_Basic_Objects\FourthScene.cpp(160,25): warning C4305: аргумент: усечение из "double" в "GLfloat"
C:\Users\Admin\Documents\VS_OpenGL_tutorial\OpenGL_Animation\tut_Basic_Objects\FourthScene.cpp(161,25): warning C4305: аргумент: усечение из "double" в "GLfloat"
  SecondScene.cpp
C:\Users\Admin\Documents\VS_OpenGL_tutorial\OpenGL_Animation\tut_Basic_Objects\SecondScene.cpp(24,16): warning C4305: инициализация: усечение из "double" в "float"
C:\Users\Admin\Documents\VS_OpenGL_tutorial\OpenGL_Animation\tut_Basic_Objects\SecondScene.cpp(25,10): warning C4244: инициализация: преобразование "double" в "float", возможна потеря данных
C:\Users\Admin\Documents\VS_OpenGL_tutorial\OpenGL_Animation\tut_Basic_Objects\SecondScene.cpp(30,21): warning C4305: аргумент: усечение из "double" в "GLfloat"
C:\Users\Admin\Documents\VS_OpenGL_tutorial\OpenGL_Animation\tut_Basic_Objects\SecondScene.cpp(34,25): warning C4244: аргумент: преобразование "double" в "GLfloat", возможна потеря данных
C:\Users\Admin\Documents\VS_OpenGL_tutorial\OpenGL_Animation\tut_Basic_Objects\SecondScene.cpp(34,16): warning C4244: аргумент: преобразование "double" в "GLfloat", возможна потеря данных
C:\Users\Admin\Documents\VS_OpenGL_tutorial\OpenGL_Animation\tut_Basic_Objects\SecondScene.cpp(40,17): warning C4305: инициализация: усечение из "double" в "float"
C:\Users\Admin\Documents\VS_OpenGL_tutorial\OpenGL_Animation\tut_Basic_Objects\SecondScene.cpp(41,11): warning C4244: инициализация: преобразование "double" в "float", возможна потеря данных
C:\Users\Admin\Documents\VS_OpenGL_tutorial\OpenGL_Animation\tut_Basic_Objects\SecondScene.cpp(44,21): warning C4305: аргумент: усечение из "double" в "GLfloat"
C:\Users\Admin\Documents\VS_OpenGL_tutorial\OpenGL_Animation\tut_Basic_Objects\SecondScene.cpp(48,27): warning C4244: аргумент: преобразование "double" в "GLfloat", возможна потеря данных
C:\Users\Admin\Documents\VS_OpenGL_tutorial\OpenGL_Animation\tut_Basic_Objects\SecondScene.cpp(48,17): warning C4244: аргумент: преобразование "double" в "GLfloat", возможна потеря данных
C:\Users\Admin\Documents\VS_OpenGL_tutorial\OpenGL_Animation\tut_Basic_Objects\SecondScene.cpp(54,17): warning C4305: инициализация: усечение из "double" в "float"
C:\Users\Admin\Documents\VS_OpenGL_tutorial\OpenGL_Animation\tut_Basic_Objects\SecondScene.cpp(55,11): warning C4244: инициализация: преобразование "double" в "float", возможна потеря данных
C:\Users\Admin\Documents\VS_OpenGL_tutorial\OpenGL_Animation\tut_Basic_Objects\SecondScene.cpp(58,21): warning C4305: аргумент: усечение из "double" в "GLfloat"
C:\Users\Admin\Documents\VS_OpenGL_tutorial\OpenGL_Animation\tut_Basic_Objects\SecondScene.cpp(62,27): warning C4244: аргумент: преобразование "double" в "GLfloat", возможна потеря данных
C:\Users\Admin\Documents\VS_OpenGL_tutorial\OpenGL_Animation\tut_Basic_Objects\SecondScene.cpp(62,17): warning C4244: аргумент: преобразование "double" в "GLfloat", возможна потеря данных
C:\Users\Admin\Documents\VS_OpenGL_tutorial\OpenGL_Animation\tut_Basic_Objects\SecondScene.cpp(68,17): warning C4305: инициализация: усечение из "double" в "float"
C:\Users\Admin\Documents\VS_OpenGL_tutorial\OpenGL_Animation\tut_Basic_Objects\SecondScene.cpp(69,11): warning C4244: инициализация: преобразование "double" в "float", возможна потеря данных
C:\Users\Admin\Documents\VS_OpenGL_tutorial\OpenGL_Animation\tut_Basic_Objects\SecondScene.cpp(72,22): warning C4305: аргумент: усечение из "double" в "GLfloat"
C:\Users\Admin\Documents\VS_OpenGL_tutorial\OpenGL_Animation\tut_Basic_Objects\SecondScene.cpp(76,28): warning C4244: аргумент: преобразование "double" в "GLfloat", возможна потеря данных
C:\Users\Admin\Documents\VS_OpenGL_tutorial\OpenGL_Animation\tut_Basic_Objects\SecondScene.cpp(76,17): warning C4244: аргумент: преобразование "double" в "GLfloat", возможна потеря данных
C:\Users\Admin\Documents\VS_OpenGL_tutorial\OpenGL_Animation\tut_Basic_Objects\SecondScene.cpp(82,17): warning C4305: инициализация: усечение из "double" в "float"
C:\Users\Admin\Documents\VS_OpenGL_tutorial\OpenGL_Animation\tut_Basic_Objects\SecondScene.cpp(83,11): warning C4244: инициализация: преобразование "double" в "float", возможна потеря данных
C:\Users\Admin\Documents\VS_OpenGL_tutorial\OpenGL_Animation\tut_Basic_Objects\SecondScene.cpp(86,23): warning C4305: аргумент: усечение из "double" в "GLfloat"
C:\Users\Admin\Documents\VS_OpenGL_tutorial\OpenGL_Animation\tut_Basic_Objects\SecondScene.cpp(90,28): warning C4244: аргумент: преобразование "double" в "GLfloat", возможна потеря данных
C:\Users\Admin\Documents\VS_OpenGL_tutorial\OpenGL_Animation\tut_Basic_Objects\SecondScene.cpp(90,17): warning C4244: аргумент: преобразование "double" в "GLfloat", возможна потеря данных
  ThirdScene.cpp
C:\Users\Admin\Documents\VS_OpenGL_tutorial\OpenGL_Animation\tut_Basic_Objects\ThirdScene.cpp(22,25): warning C4244: аргумент: преобразование "double" в "GLubyte", возможна потеря данных
C:\Users\Admin\Documents\VS_OpenGL_tutorial\OpenGL_Animation\tut_Basic_Objects\ThirdScene.cpp(22,19): warning C4244: аргумент: преобразование "double" в "GLubyte", возможна потеря данных
C:\Users\Admin\Documents\VS_OpenGL_tutorial\OpenGL_Animation\tut_Basic_Objects\ThirdScene.cpp(22,13): warning C4244: аргумент: преобразование "double" в "GLubyte", возможна потеря данных
C:\Users\Admin\Documents\VS_OpenGL_tutorial\OpenGL_Animation\tut_Basic_Objects\ThirdScene.cpp(24,23): warning C4305: аргумент: усечение из "double" в "GLfloat"
C:\Users\Admin\Documents\VS_OpenGL_tutorial\OpenGL_Animation\tut_Basic_Objects\ThirdScene.cpp(25,21): warning C4305: аргумент: усечение из "double" в "GLfloat"
C:\Users\Admin\Documents\VS_OpenGL_tutorial\OpenGL_Animation\tut_Basic_Objects\ThirdScene.cpp(26,23): warning C4305: аргумент: усечение из "double" в "GLfloat"
C:\Users\Admin\Documents\VS_OpenGL_tutorial\OpenGL_Animation\tut_Basic_Objects\ThirdScene.cpp(27,24): warning C4305: аргумент: усечение из "double" в "GLfloat"
C:\Users\Admin\Documents\VS_OpenGL_tutorial\OpenGL_Animation\tut_Basic_Objects\ThirdScene.cpp(28,24): warning C4305: аргумент: усечение из "double" в "GLfloat"
C:\Users\Admin\Documents\VS_OpenGL_tutorial\OpenGL_Animation\tut_Basic_Objects\ThirdScene.cpp(30,24): warning C4305: аргумент: усечение из "double" в "GLfloat"
C:\Users\Admin\Documents\VS_OpenGL_tutorial\OpenGL_Animation\tut_Basic_Objects\ThirdScene.cpp(31,24): warning C4305: аргумент: усечение из "double" в "GLfloat"
C:\Users\Admin\Documents\VS_OpenGL_tutorial\OpenGL_Animation\tut_Basic_Objects\ThirdScene.cpp(33,24): warning C4305: аргумент: усечение из "double" в "GLfloat"
C:\Users\Admin\Documents\VS_OpenGL_tutorial\OpenGL_Animation\tut_Basic_Objects\ThirdScene.cpp(35,24): warning C4305: аргумент: усечение из "double" в "GLfloat"
C:\Users\Admin\Documents\VS_OpenGL_tutorial\OpenGL_Animation\tut_Basic_Objects\ThirdScene.cpp(36,24): warning C4305: аргумент: усечение из "double" в "GLfloat"
C:\Users\Admin\Documents\VS_OpenGL_tutorial\OpenGL_Animation\tut_Basic_Objects\ThirdScene.cpp(37,22): warning C4305: аргумент: усечение из "double" в "GLfloat"
C:\Users\Admin\Documents\VS_OpenGL_tutorial\OpenGL_Animation\tut_Basic_Objects\ThirdScene.cpp(38,24): warning C4305: аргумент: усечение из "double" в "GLfloat"
C:\Users\Admin\Documents\VS_OpenGL_tutorial\OpenGL_Animation\tut_Basic_Objects\ThirdScene.cpp(39,25): warning C4305: аргумент: усечение из "double" в "GLfloat"
C:\Users\Admin\Documents\VS_OpenGL_tutorial\OpenGL_Animation\tut_Basic_Objects\ThirdScene.cpp(40,24): warning C4305: аргумент: усечение из "double" в "GLfloat"
C:\Users\Admin\Documents\VS_OpenGL_tutorial\OpenGL_Animation\tut_Basic_Objects\ThirdScene.cpp(42,23): warning C4305: аргумент: усечение из "double" в "GLfloat"
C:\Users\Admin\Documents\VS_OpenGL_tutorial\OpenGL_Animation\tut_Basic_Objects\ThirdScene.cpp(43,24): warning C4305: аргумент: усечение из "double" в "GLfloat"
C:\Users\Admin\Documents\VS_OpenGL_tutorial\OpenGL_Animation\tut_Basic_Objects\ThirdScene.cpp(45,23): warning C4305: аргумент: усечение из "double" в "GLfloat"
C:\Users\Admin\Documents\VS_OpenGL_tutorial\OpenGL_Animation\tut_Basic_Objects\ThirdScene.cpp(46,23): warning C4305: аргумент: усечение из "double" в "GLfloat"
C:\Users\Admin\Documents\VS_OpenGL_tutorial\OpenGL_Animation\tut_Basic_Objects\ThirdScene.cpp(50,24): warning C4305: аргумент: усечение из "double" в "GLfloat"
C:\Users\Admin\Documents\VS_OpenGL_tutorial\OpenGL_Animation\tut_Basic_Objects\ThirdScene.cpp(51,21): warning C4305: аргумент: усечение из "double" в "GLfloat"
C:\Users\Admin\Documents\VS_OpenGL_tutorial\OpenGL_Animation\tut_Basic_Objects\ThirdScene.cpp(52,22): warning C4305: аргумент: усечение из "double" в "GLfloat"
C:\Users\Admin\Documents\VS_OpenGL_tutorial\OpenGL_Animation\tut_Basic_Objects\ThirdScene.cpp(53,23): warning C4305: аргумент: усечение из "double" в "GLfloat"
C:\Users\Admin\Documents\VS_OpenGL_tutorial\OpenGL_Animation\tut_Basic_Objects\ThirdScene.cpp(54,23): warning C4305: аргумент: усечение из "double" в "GLfloat"
C:\Users\Admin\Documents\VS_OpenGL_tutorial\OpenGL_Animation\tut_Basic_Objects\ThirdScene.cpp(56,23): warning C4305: аргумент: усечение из "double" в "GLfloat"
C:\Users\Admin\Documents\VS_OpenGL_tutorial\OpenGL_Animation\tut_Basic_Objects\ThirdScene.cpp(57,23): warning C4305: аргумент: усечение из "double" в "GLfloat"
C:\Users\Admin\Documents\VS_OpenGL_tutorial\OpenGL_Animation\tut_Basic_Objects\ThirdScene.cpp(59,23): warning C4305: аргумент: усечение из "double" в "GLfloat"
C:\Users\Admin\Documents\VS_OpenGL_tutorial\OpenGL_Animation\tut_Basic_Objects\ThirdScene.cpp(61,25): warning C4305: аргумент: усечение из "double" в "GLfloat"
C:\Users\Admin\Documents\VS_OpenGL_tutorial\OpenGL_Animation\tut_Basic_Objects\ThirdScene.cpp(62,25): warning C4305: аргумент: усечение из "double" в "GLfloat"
C:\Users\Admin\Documents\VS_OpenGL_tutorial\OpenGL_Animation\tut_Basic_Objects\ThirdScene.cpp(63,22): warning C4305: аргумент: усечение из "double" в "GLfloat"
C:\Users\Admin\Documents\VS_OpenGL_tutorial\OpenGL_Animation\tut_Basic_Objects\ThirdScene.cpp(64,22): warning C4305: аргумент: усечение из "double" в "GLfloat"
C:\Users\Admin\Documents\VS_OpenGL_tutorial\OpenGL_Animation\tut_Basic_Objects\ThirdScene.cpp(65,23): warning C4305: аргумент: усечение из "double" в "GLfloat"
C:\Users\Admin\Documents\VS_OpenGL_tutorial\OpenGL_Animation\tut_Basic_Objects\ThirdScene.cpp(66,23): warning C4305: аргумент: усечение из "double" в "GLfloat"
C:\Users\Admin\Documents\VS_OpenGL_tutorial\OpenGL_Animation\tut_Basic_Objects\ThirdScene.cpp(68,23): warning C4305: аргумент: усечение из "double" в "GLfloat"
C:\Users\Admin\Documents\VS_OpenGL_tutorial\OpenGL_Animation\tut_Basic_Objects\ThirdScene.cpp(69,22): warning C4305: аргумент: усечение из "double" в "GLfloat"
C:\Users\Admin\Documents\VS_OpenGL_tutorial\OpenGL_Animation\tut_Basic_Objects\ThirdScene.cpp(71,23): warning C4305: аргумент: усечение из "double" в "GLfloat"
C:\Users\Admin\Documents\VS_OpenGL_tutorial\OpenGL_Animation\tut_Basic_Objects\ThirdScene.cpp(72,24): warning C4305: аргумент: усечение из "double" в "GLfloat"
  main.cpp
C:\Users\Admin\Documents\VS_OpenGL_tutorial\OpenGL_Animation\tut_Basic_Objects\main.cpp(24,25): warning C4305: инициализация: усечение из "double" в "float"
C:\Users\Admin\Documents\VS_OpenGL_tutorial\OpenGL_Animation\tut_Basic_Objects\main.cpp(57,25): warning C4305: аргумент: усечение из "double" в "GLfloat"
C:\Users\Admin\Documents\VS_OpenGL_tutorial\OpenGL_Animation\tut_Basic_Objects\main.cpp(68,27): warning C4305: аргумент: усечение из "double" в "GLfloat"
C:\Users\Admin\Documents\VS_OpenGL_tutorial\OpenGL_Animation\tut_Basic_Objects\main.cpp(79,28): warning C4305: аргумент: усечение из "double" в "GLfloat"
  Создание кода...
  tut_Basic_Objects.vcxproj -> C:\Users\Admin\Documents\VS_OpenGL_tutorial\OpenGL_Animation\Debug\tut_Basic_Objects.exe
